0 info it worked if it ends with ok
1 verbose cli [ '/Users/gdobrei/.nvm/versions/node/v6.9.1/bin/node',
1 verbose cli   '/Users/gdobrei/.nvm/versions/node/v6.9.1/bin/npm',
1 verbose cli   'run',
1 verbose cli   'grunt' ]
2 info using npm@3.10.8
3 info using node@v6.9.1
4 verbose run-script [ 'pregrunt', 'grunt', 'postgrunt' ]
5 info lifecycle fjk.hu@2.0.0~pregrunt: fjk.hu@2.0.0
6 silly lifecycle fjk.hu@2.0.0~pregrunt: no script for pregrunt, continuing
7 info lifecycle fjk.hu@2.0.0~grunt: fjk.hu@2.0.0
8 verbose lifecycle fjk.hu@2.0.0~grunt: unsafe-perm in lifecycle true
9 verbose lifecycle fjk.hu@2.0.0~grunt: PATH: /Users/gdobrei/.nvm/versions/node/v6.9.1/lib/node_modules/npm/bin/node-gyp-bin:/Users/gdobrei/projects/fjk.hu/node_modules/.bin:/opt/local/bin:/opt/local/sbin:/Users/gdobrei/.nvm/versions/node/v6.9.1/bin:/usr/local/bin:/usr/bin:/bin:/usr/sbin:/sbin:/Users/gdobrei/.rvm/bin
10 verbose lifecycle fjk.hu@2.0.0~grunt: CWD: /Users/gdobrei/projects/fjk.hu
11 silly lifecycle fjk.hu@2.0.0~grunt: Args: [ '-c', 'grunt' ]
12 info lifecycle fjk.hu@2.0.0~grunt: Failed to exec grunt script
13 verbose stack Error: fjk.hu@2.0.0 grunt: `grunt`
13 verbose stack spawn ENOENT
13 verbose stack     at ChildProcess.<anonymous> (/Users/gdobrei/.nvm/versions/node/v6.9.1/lib/node_modules/npm/lib/utils/spawn.js:33:16)
13 verbose stack     at emitTwo (events.js:106:13)
13 verbose stack     at ChildProcess.emit (events.js:191:7)
13 verbose stack     at maybeClose (internal/child_process.js:877:16)
13 verbose stack     at Process.ChildProcess._handle.onexit (internal/child_process.js:226:5)
14 verbose pkgid fjk.hu@2.0.0
15 verbose cwd /Users/gdobrei/projects/fjk.hu
16 error Darwin 15.6.0
17 error argv "/Users/gdobrei/.nvm/versions/node/v6.9.1/bin/node" "/Users/gdobrei/.nvm/versions/node/v6.9.1/bin/npm" "run" "grunt"
18 error node v6.9.1
19 error npm  v3.10.8
20 error file sh
21 error code ELIFECYCLE
22 error errno ENOENT
23 error syscall spawn
24 error fjk.hu@2.0.0 grunt: `grunt`
24 error spawn ENOENT
25 error Failed at the fjk.hu@2.0.0 grunt script 'grunt'.
25 error Make sure you have the latest version of node.js and npm installed.
25 error If you do, this is most likely a problem with the fjk.hu package,
25 error not with npm itself.
25 error Tell the author that this fails on your system:
25 error     grunt
25 error You can get information on how to open an issue for this project with:
25 error     npm bugs fjk.hu
25 error Or if that isn't available, you can get their info via:
25 error     npm owner ls fjk.hu
25 error There is likely additional logging output above.
26 verbose exit [ 1, true ]
